# JRE version: Java(TM) SE Runtime Environment (20.0+36) (build 20+36-2344)
# Java VM: Java HotSpot(TM) 64-Bit Server VM (20+36-2344, mixed mode, sharing, tiered, compressed oops, compressed class ptrs, g1 gc, windows-amd64)
GC Precious Log:
 CardTable entry size: 512
 Card Set container configuration: InlinePtr #cards 5 size 8 Array Of Cards #cards 12 size 40 Howl #buckets 4 coarsen threshold 1843 Howl Bitmap #cards 512 size 80 coarsen threshold 460 Card regions per heap region 1 cards per card region 2048
 CPUs: 2 total, 2 available
 Memory: 3973M
 Large Page Support: Disabled
 NUMA Support: Disabled
 Compressed Oops: Enabled (32-bit)
 Heap Region Size: 1M
 Heap Min Capacity: 8M
 Heap Initial Capacity: 64M
 Heap Max Capacity: 994M
 Pre-touch: Disabled
 Parallel Workers: 2
 Concurrent Workers: 1
 Concurrent Refinement Workers: 2
 Periodic GC: Disabled
Heap:
 garbage-first heap   total 65536K, used 44892K [0x00000000c1e00000, 0x0000000100000000)
  region size 1024K, 35 young (35840K), 3 survivors (3072K)
 Metaspace       used 15480K, committed 15872K, reserved 1114112K
  class space    used 1679K, committed 1856K, reserved 1048576K
GC Heap History (12 events):
Event: 15.042 GC heap before
{Heap before GC invocations=0 (full 0):
 garbage-first heap   total 65536K, used 5120K [0x00000000c1e00000, 0x0000000100000000)
  region size 1024K, 6 young (6144K), 0 survivors (0K)
 Metaspace       used 2187K, committed 2368K, reserved 1114112K
  class space    used 205K, committed 256K, reserved 1048576K
}
Event: 15.056 GC heap after
{Heap after GC invocations=1 (full 0):
 garbage-first heap   total 65536K, used 1989K [0x00000000c1e00000, 0x0000000100000000)
  region size 1024K, 1 young (1024K), 1 survivors (1024K)
 Metaspace       used 2187K, committed 2368K, reserved 1114112K
  class space    used 205K, committed 256K, reserved 1048576K
}
Event: 17.722 GC heap before
{Heap before GC invocations=1 (full 0):
 garbage-first heap   total 65536K, used 7109K [0x00000000c1e00000, 0x0000000100000000)
  region size 1024K, 6 young (6144K), 1 survivors (1024K)
 Metaspace       used 3459K, committed 3648K, reserved 1114112K
  class space    used 339K, committed 448K, reserved 1048576K
}
Event: 17.731 GC heap after
{Heap after GC invocations=2 (full 0):
 garbage-first heap   total 65536K, used 3198K [0x00000000c1e00000, 0x0000000100000000)
  region size 1024K, 1 young (1024K), 1 survivors (1024K)
 Metaspace       used 3459K, committed 3648K, reserved 1114112K
  class space    used 339K, committed 448K, reserved 1048576K
}
Event: 21.390 GC heap before
{Heap before GC invocations=2 (full 0):
 garbage-first heap   total 65536K, used 11390K [0x00000000c1e00000, 0x0000000100000000)
  region size 1024K, 10 young (10240K), 1 survivors (1024K)
 Metaspace       used 5339K, committed 5440K, reserved 1114112K
  class space    used 603K, committed 640K, reserved 1048576K
}
Event: 21.397 GC heap after
{Heap after GC invocations=3 (full 0):
 garbage-first heap   total 65536K, used 3748K [0x00000000c1e00000, 0x0000000100000000)
  region size 1024K, 2 young (2048K), 2 survivors (2048K)
 Metaspace       used 5339K, committed 5440K, reserved 1114112K
  class space    used 603K, committed 640K, reserved 1048576K
}
Event: 30.279 GC heap before
{Heap before GC invocations=3 (full 0):
 garbage-first heap   total 65536K, used 39588K [0x00000000c1e00000, 0x0000000100000000)
  region size 1024K, 38 young (38912K), 2 survivors (2048K)
 Metaspace       used 10860K, committed 11200K, reserved 1114112K
  class space    used 1289K, committed 1472K, reserved 1048576K
}
Event: 30.298 GC heap after
{Heap after GC invocations=4 (full 0):
 garbage-first heap   total 65536K, used 6051K [0x00000000c1e00000, 0x0000000100000000)
  region size 1024K, 4 young (4096K), 4 survivors (4096K)
 Metaspace       used 10860K, committed 11200K, reserved 1114112K
  class space    used 1289K, committed 1472K, reserved 1048576K
}
Event: 38.732 GC heap before
{Heap before GC invocations=4 (full 0):
 garbage-first heap   total 65536K, used 40867K [0x00000000c1e00000, 0x0000000100000000)
  region size 1024K, 38 young (38912K), 4 survivors (4096K)
 Metaspace       used 13718K, committed 14016K, reserved 1114112K
  class space    used 1544K, committed 1664K, reserved 1048576K
}
Event: 38.770 GC heap after
{Heap after GC invocations=5 (full 0):
 garbage-first heap   total 65536K, used 10121K [0x00000000c1e00000, 0x0000000100000000)
  region size 1024K, 5 young (5120K), 5 survivors (5120K)
 Metaspace       used 13718K, committed 14016K, reserved 1114112K
  class space    used 1544K, committed 1664K, reserved 1048576K
}
Event: 41.426 GC heap before
{Heap before GC invocations=5 (full 0):
 garbage-first heap   total 65536K, used 43913K [0x00000000c1e00000, 0x0000000100000000)
  region size 1024K, 38 young (38912K), 5 survivors (5120K)
 Metaspace       used 14181K, committed 14464K, reserved 1114112K
  class space    used 1546K, committed 1664K, reserved 1048576K
}
Event: 41.458 GC heap after
{Heap after GC invocations=6 (full 0):
 garbage-first heap   total 65536K, used 13148K [0x00000000c1e00000, 0x0000000100000000)
  region size 1024K, 3 young (3072K), 3 survivors (3072K)
 Metaspace       used 14181K, committed 14464K, reserved 1114112K
  class space    used 1546K, committed 1664K, reserved 1048576K
}

