# JRE version: Java(TM) SE Runtime Environment (20.0+36) (build 20+36-2344)
# Java VM: Java HotSpot(TM) 64-Bit Server VM (20+36-2344, mixed mode, sharing, tiered, compressed oops, compressed class ptrs, g1 gc, windows-amd64)
GC Precious Log:
 CardTable entry size: 512
 Card Set container configuration: InlinePtr #cards 5 size 8 Array Of Cards #cards 12 size 40 Howl #buckets 4 coarsen threshold 1843 Howl Bitmap #cards 512 size 80 coarsen threshold 460 Card regions per heap region 1 cards per card region 2048
 CPUs: 2 total, 2 available
 Memory: 3973M
 Large Page Support: Disabled
 NUMA Support: Disabled
 Compressed Oops: Enabled (32-bit)
 Heap Region Size: 1M
 Heap Min Capacity: 8M
 Heap Initial Capacity: 64M
 Heap Max Capacity: 994M
 Pre-touch: Disabled
 Parallel Workers: 2
 Concurrent Workers: 1
 Concurrent Refinement Workers: 2
 Periodic GC: Disabled
Heap:
 garbage-first heap   total 48128K, used 26099K [0x00000000c1e00000, 0x0000000100000000)
  region size 1024K, 6 young (6144K), 3 survivors (3072K)
 Metaspace       used 53570K, committed 54144K, reserved 1114112K
  class space    used 7157K, committed 7424K, reserved 1048576K
GC Heap History (20 events):
Event: 6.277 GC heap before
{Heap before GC invocations=3 (full 0):
 garbage-first heap   total 65536K, used 37231K [0x00000000c1e00000, 0x0000000100000000)
  region size 1024K, 32 young (32768K), 1 survivors (1024K)
 Metaspace       used 12630K, committed 12864K, reserved 1114112K
  class space    used 1657K, committed 1728K, reserved 1048576K
}
Event: 6.295 GC heap after
{Heap after GC invocations=4 (full 0):
 garbage-first heap   total 65536K, used 9231K [0x00000000c1e00000, 0x0000000100000000)
  region size 1024K, 4 young (4096K), 4 survivors (4096K)
 Metaspace       used 12630K, committed 12864K, reserved 1114112K
  class space    used 1657K, committed 1728K, reserved 1048576K
}
Event: 9.879 GC heap before
{Heap before GC invocations=4 (full 0):
 garbage-first heap   total 65536K, used 43023K [0x00000000c1e00000, 0x0000000100000000)
  region size 1024K, 38 young (38912K), 4 survivors (4096K)
 Metaspace       used 19787K, committed 20032K, reserved 1114112K
  class space    used 2449K, committed 2560K, reserved 1048576K
}
Event: 9.909 GC heap after
{Heap after GC invocations=5 (full 0):
 garbage-first heap   total 65536K, used 12022K [0x00000000c1e00000, 0x0000000100000000)
  region size 1024K, 5 young (5120K), 5 survivors (5120K)
 Metaspace       used 19787K, committed 20032K, reserved 1114112K
  class space    used 2449K, committed 2560K, reserved 1048576K
}
Event: 11.213 GC heap before
{Heap before GC invocations=5 (full 0):
 garbage-first heap   total 65536K, used 23286K [0x00000000c1e00000, 0x0000000100000000)
  region size 1024K, 17 young (17408K), 5 survivors (5120K)
 Metaspace       used 21270K, committed 21504K, reserved 1114112K
  class space    used 2632K, committed 2752K, reserved 1048576K
}
Event: 11.242 GC heap after
{Heap after GC invocations=6 (full 0):
 garbage-first heap   total 65536K, used 13278K [0x00000000c1e00000, 0x0000000100000000)
  region size 1024K, 2 young (2048K), 2 survivors (2048K)
 Metaspace       used 21270K, committed 21504K, reserved 1114112K
  class space    used 2632K, committed 2752K, reserved 1048576K
}
Event: 15.289 GC heap before
{Heap before GC invocations=7 (full 0):
 garbage-first heap   total 48128K, used 39902K [0x00000000c1e00000, 0x0000000100000000)
  region size 1024K, 28 young (28672K), 2 survivors (2048K)
 Metaspace       used 25813K, committed 26240K, reserved 1114112K
  class space    used 3306K, committed 3520K, reserved 1048576K
}
Event: 15.316 GC heap after
{Heap after GC invocations=8 (full 0):
 garbage-first heap   total 48128K, used 15589K [0x00000000c1e00000, 0x0000000100000000)
  region size 1024K, 4 young (4096K), 4 survivors (4096K)
 Metaspace       used 25813K, committed 26240K, reserved 1114112K
  class space    used 3306K, committed 3520K, reserved 1048576K
}
Event: 19.182 GC heap before
{Heap before GC invocations=8 (full 0):
 garbage-first heap   total 48128K, used 38117K [0x00000000c1e00000, 0x0000000100000000)
  region size 1024K, 27 young (27648K), 4 survivors (4096K)
 Metaspace       used 30510K, committed 31040K, reserved 1114112K
  class space    used 3889K, committed 4160K, reserved 1048576K
}
Event: 19.210 GC heap after
{Heap after GC invocations=9 (full 0):
 garbage-first heap   total 48128K, used 17983K [0x00000000c1e00000, 0x0000000100000000)
  region size 1024K, 3 young (3072K), 3 survivors (3072K)
 Metaspace       used 30510K, committed 31040K, reserved 1114112K
  class space    used 3889K, committed 4160K, reserved 1048576K
}
Event: 23.323 GC heap before
{Heap before GC invocations=9 (full 0):
 garbage-first heap   total 48128K, used 40511K [0x00000000c1e00000, 0x0000000100000000)
  region size 1024K, 25 young (25600K), 3 survivors (3072K)
 Metaspace       used 35097K, committed 35584K, reserved 1114112K
  class space    used 4568K, committed 4800K, reserved 1048576K
}
Event: 23.341 GC heap after
{Heap after GC invocations=10 (full 0):
 garbage-first heap   total 48128K, used 19252K [0x00000000c1e00000, 0x0000000100000000)
  region size 1024K, 2 young (2048K), 2 survivors (2048K)
 Metaspace       used 35097K, committed 35584K, reserved 1114112K
  class space    used 4568K, committed 4800K, reserved 1048576K
}
Event: 23.416 GC heap before
{Heap before GC invocations=10 (full 0):
 garbage-first heap   total 48128K, used 20276K [0x00000000c1e00000, 0x0000000100000000)
  region size 1024K, 4 young (4096K), 2 survivors (2048K)
 Metaspace       used 35488K, committed 35968K, reserved 1114112K
  class space    used 4622K, committed 4864K, reserved 1048576K
}
Event: 23.423 GC heap after
{Heap after GC invocations=11 (full 0):
 garbage-first heap   total 48128K, used 19036K [0x00000000c1e00000, 0x0000000100000000)
  region size 1024K, 2 young (2048K), 2 survivors (2048K)
 Metaspace       used 35488K, committed 35968K, reserved 1114112K
  class space    used 4622K, committed 4864K, reserved 1048576K
}
Event: 25.752 GC heap before
{Heap before GC invocations=12 (full 0):
 garbage-first heap   total 48128K, used 40540K [0x00000000c1e00000, 0x0000000100000000)
  region size 1024K, 23 young (23552K), 2 survivors (2048K)
 Metaspace       used 41777K, committed 42304K, reserved 1114112K
  class space    used 5447K, committed 5696K, reserved 1048576K
}
Event: 25.768 GC heap after
{Heap after GC invocations=13 (full 0):
 garbage-first heap   total 48128K, used 21446K [0x00000000c1e00000, 0x0000000100000000)
  region size 1024K, 3 young (3072K), 3 survivors (3072K)
 Metaspace       used 41777K, committed 42304K, reserved 1114112K
  class space    used 5447K, committed 5696K, reserved 1048576K
}
Event: 27.757 GC heap before
{Heap before GC invocations=13 (full 0):
 garbage-first heap   total 48128K, used 40902K [0x00000000c1e00000, 0x0000000100000000)
  region size 1024K, 23 young (23552K), 3 survivors (3072K)
 Metaspace       used 48382K, committed 48960K, reserved 1114112K
  class space    used 6453K, committed 6720K, reserved 1048576K
}
Event: 27.779 GC heap after
{Heap after GC invocations=14 (full 0):
 garbage-first heap   total 48128K, used 22705K [0x00000000c1e00000, 0x0000000100000000)
  region size 1024K, 2 young (2048K), 2 survivors (2048K)
 Metaspace       used 48382K, committed 48960K, reserved 1114112K
  class space    used 6453K, committed 6720K, reserved 1048576K
}
Event: 30.273 GC heap before
{Heap before GC invocations=14 (full 0):
 garbage-first heap   total 48128K, used 42161K [0x00000000c1e00000, 0x0000000100000000)
  region size 1024K, 21 young (21504K), 2 survivors (2048K)
 Metaspace       used 53154K, committed 53760K, reserved 1114112K
  class space    used 7108K, committed 7360K, reserved 1048576K
}
Event: 30.284 GC heap after
{Heap after GC invocations=15 (full 0):
 garbage-first heap   total 48128K, used 24051K [0x00000000c1e00000, 0x0000000100000000)
  region size 1024K, 3 young (3072K), 3 survivors (3072K)
 Metaspace       used 53154K, committed 53760K, reserved 1114112K
  class space    used 7108K, committed 7360K, reserved 1048576K
}

