# JRE version: Java(TM) SE Runtime Environment (20.0+36) (build 20+36-2344)
# Java VM: Java HotSpot(TM) 64-Bit Server VM (20+36-2344, mixed mode, sharing, tiered, compressed oops, compressed class ptrs, g1 gc, windows-amd64)
GC Precious Log:
 CardTable entry size: 512
 Card Set container configuration: InlinePtr #cards 5 size 8 Array Of Cards #cards 12 size 40 Howl #buckets 4 coarsen threshold 1843 Howl Bitmap #cards 512 size 80 coarsen threshold 460 Card regions per heap region 1 cards per card region 2048
 CPUs: 2 total, 2 available
 Memory: 3973M
 Large Page Support: Disabled
 NUMA Support: Disabled
 Compressed Oops: Enabled (32-bit)
 Heap Region Size: 1M
 Heap Min Capacity: 8M
 Heap Initial Capacity: 64M
 Heap Max Capacity: 994M
 Pre-touch: Disabled
 Parallel Workers: 2
 Concurrent Workers: 1
 Concurrent Refinement Workers: 2
 Periodic GC: Disabled
Heap:
 garbage-first heap   total 48128K, used 36351K [0x00000000c1e00000, 0x0000000100000000)
  region size 1024K, 12 young (12288K), 2 survivors (2048K)
 Metaspace       used 61050K, committed 61696K, reserved 1114112K
  class space    used 8208K, committed 8512K, reserved 1048576K
GC Heap History (20 events):
Event: 76.582 GC heap before
{Heap before GC invocations=9 (full 0):
 garbage-first heap   total 45056K, used 36764K [0x00000000c1e00000, 0x0000000100000000)
  region size 1024K, 22 young (22528K), 3 survivors (3072K)
 Metaspace       used 33307K, committed 33856K, reserved 1114112K
  class space    used 4258K, committed 4480K, reserved 1048576K
}
Event: 76.599 GC heap after
{Heap after GC invocations=10 (full 0):
 garbage-first heap   total 45056K, used 18432K [0x00000000c1e00000, 0x0000000100000000)
  region size 1024K, 2 young (2048K), 2 survivors (2048K)
 Metaspace       used 33307K, committed 33856K, reserved 1114112K
  class space    used 4258K, committed 4480K, reserved 1048576K
}
Event: 77.789 GC heap before
{Heap before GC invocations=10 (full 0):
 garbage-first heap   total 45056K, used 25600K [0x00000000c1e00000, 0x0000000100000000)
  region size 1024K, 10 young (10240K), 2 survivors (2048K)
 Metaspace       used 35436K, committed 35968K, reserved 1114112K
  class space    used 4609K, committed 4864K, reserved 1048576K
}
Event: 77.798 GC heap after
{Heap after GC invocations=11 (full 0):
 garbage-first heap   total 45056K, used 18779K [0x00000000c1e00000, 0x0000000100000000)
  region size 1024K, 2 young (2048K), 2 survivors (2048K)
 Metaspace       used 35436K, committed 35968K, reserved 1114112K
  class space    used 4609K, committed 4864K, reserved 1048576K
}
Event: 88.184 GC heap before
{Heap before GC invocations=12 (full 0):
 garbage-first heap   total 45056K, used 37211K [0x00000000c1e00000, 0x0000000100000000)
  region size 1024K, 21 young (21504K), 2 survivors (2048K)
 Metaspace       used 41357K, committed 41920K, reserved 1114112K
  class space    used 5374K, committed 5632K, reserved 1048576K
}
Event: 88.202 GC heap after
{Heap after GC invocations=13 (full 0):
 garbage-first heap   total 45056K, used 21313K [0x00000000c1e00000, 0x0000000100000000)
  region size 1024K, 3 young (3072K), 3 survivors (3072K)
 Metaspace       used 41357K, committed 41920K, reserved 1114112K
  class space    used 5374K, committed 5632K, reserved 1048576K
}
Event: 91.013 GC heap before
{Heap before GC invocations=13 (full 0):
 garbage-first heap   total 45056K, used 37697K [0x00000000c1e00000, 0x0000000100000000)
  region size 1024K, 20 young (20480K), 3 survivors (3072K)
 Metaspace       used 46441K, committed 46976K, reserved 1114112K
  class space    used 6117K, committed 6336K, reserved 1048576K
}
Event: 91.027 GC heap after
{Heap after GC invocations=14 (full 0):
 garbage-first heap   total 45056K, used 22836K [0x00000000c1e00000, 0x0000000100000000)
  region size 1024K, 2 young (2048K), 2 survivors (2048K)
 Metaspace       used 46441K, committed 46976K, reserved 1114112K
  class space    used 6117K, committed 6336K, reserved 1048576K
}
Event: 93.658 GC heap before
{Heap before GC invocations=14 (full 0):
 garbage-first heap   total 45056K, used 38196K [0x00000000c1e00000, 0x0000000100000000)
  region size 1024K, 18 young (18432K), 2 survivors (2048K)
 Metaspace       used 50849K, committed 51392K, reserved 1114112K
  class space    used 6812K, committed 7040K, reserved 1048576K
}
Event: 93.667 GC heap after
{Heap after GC invocations=15 (full 0):
 garbage-first heap   total 45056K, used 23202K [0x00000000c1e00000, 0x0000000100000000)
  region size 1024K, 2 young (2048K), 2 survivors (2048K)
 Metaspace       used 50849K, committed 51392K, reserved 1114112K
  class space    used 6812K, committed 7040K, reserved 1048576K
}
Event: 99.803 GC heap before
{Heap before GC invocations=16 (full 0):
 garbage-first heap   total 45056K, used 38562K [0x00000000c1e00000, 0x0000000100000000)
  region size 1024K, 18 young (18432K), 2 survivors (2048K)
 Metaspace       used 54625K, committed 55168K, reserved 1114112K
  class space    used 7326K, committed 7552K, reserved 1048576K
}
Event: 99.821 GC heap after
{Heap after GC invocations=17 (full 0):
 garbage-first heap   total 45056K, used 24281K [0x00000000c1e00000, 0x0000000100000000)
  region size 1024K, 2 young (2048K), 2 survivors (2048K)
 Metaspace       used 54625K, committed 55168K, reserved 1114112K
  class space    used 7326K, committed 7552K, reserved 1048576K
}
Event: 102.110 GC heap before
{Heap before GC invocations=17 (full 0):
 garbage-first heap   total 45056K, used 39641K [0x00000000c1e00000, 0x0000000100000000)
  region size 1024K, 17 young (17408K), 2 survivors (2048K)
 Metaspace       used 56611K, committed 57216K, reserved 1114112K
  class space    used 7585K, committed 7872K, reserved 1048576K
}
Event: 102.122 GC heap after
{Heap after GC invocations=18 (full 0):
 garbage-first heap   total 45056K, used 25063K [0x00000000c1e00000, 0x0000000100000000)
  region size 1024K, 2 young (2048K), 2 survivors (2048K)
 Metaspace       used 56611K, committed 57216K, reserved 1114112K
  class space    used 7585K, committed 7872K, reserved 1048576K
}
Event: 104.584 GC heap before
{Heap before GC invocations=19 (full 0):
 garbage-first heap   total 45056K, used 39399K [0x00000000c1e00000, 0x0000000100000000)
  region size 1024K, 16 young (16384K), 2 survivors (2048K)
 Metaspace       used 57043K, committed 57664K, reserved 1114112K
  class space    used 7646K, committed 7936K, reserved 1048576K
}
Event: 104.597 GC heap after
{Heap after GC invocations=20 (full 0):
 garbage-first heap   total 45056K, used 25711K [0x00000000c1e00000, 0x0000000100000000)
  region size 1024K, 2 young (2048K), 2 survivors (2048K)
 Metaspace       used 57043K, committed 57664K, reserved 1114112K
  class space    used 7646K, committed 7936K, reserved 1048576K
}
Event: 106.568 GC heap before
{Heap before GC invocations=20 (full 0):
 garbage-first heap   total 45056K, used 39023K [0x00000000c1e00000, 0x0000000100000000)
  region size 1024K, 15 young (15360K), 2 survivors (2048K)
 Metaspace       used 57703K, committed 58304K, reserved 1114112K
  class space    used 7742K, committed 8000K, reserved 1048576K
}
Event: 106.582 GC heap after
{Heap after GC invocations=21 (full 0):
 garbage-first heap   total 45056K, used 26154K [0x00000000c1e00000, 0x0000000100000000)
  region size 1024K, 2 young (2048K), 2 survivors (2048K)
 Metaspace       used 57703K, committed 58304K, reserved 1114112K
  class space    used 7742K, committed 8000K, reserved 1048576K
}
Event: 110.461 GC heap before
{Heap before GC invocations=21 (full 0):
 garbage-first heap   total 45056K, used 38442K [0x00000000c1e00000, 0x0000000100000000)
  region size 1024K, 14 young (14336K), 2 survivors (2048K)
 Metaspace       used 59311K, committed 59904K, reserved 1114112K
  class space    used 7957K, committed 8256K, reserved 1048576K
}
Event: 110.476 GC heap after
{Heap after GC invocations=22 (full 0):
 garbage-first heap   total 45056K, used 26994K [0x00000000c1e00000, 0x0000000100000000)
  region size 1024K, 2 young (2048K), 2 survivors (2048K)
 Metaspace       used 59311K, committed 59904K, reserved 1114112K
  class space    used 7957K, committed 8256K, reserved 1048576K
}

